[INFO ] 2021-07-18T19:43:56,413Z [Test worker] cordapp.JarScanningCordappLoader. - Loading CorDapps from RestrictedURL(url=file:/Users/michal/Git/formula/contracts/build/generated-custom-cordapps/20210718-194356.161-D5D6F1DBFC46BE6E/custom-cordapp_1_10_22860465-dbcf-43ba-80bb-44c2e201f82c.jar, rootPackageName=null) {}
[INFO ] 2021-07-18T19:43:56,443Z [Test worker] cordapp.JarScanningCordappLoader. - Scanning CorDapp in file:/Users/michal/Git/formula/contracts/build/generated-custom-cordapps/20210718-194356.161-D5D6F1DBFC46BE6E/custom-cordapp_1_10_22860465-dbcf-43ba-80bb-44c2e201f82c.jar {}
[WARN ] 2021-07-18T19:43:57,306Z [Test worker] contracts.AttachmentConstraint. - Found state com.template.contracts.TemplateContract that is constrained by the insecure: AlwaysAcceptAttachmentConstraint. {}
[ERROR] 2021-07-18T19:43:57,433Z [Test worker] internal.Verifier. - Error validating transaction E0B01B44623209E66CE330500089239FC1A9A0CDEBF1B574BC7A1CFA43C112A9. {}
java.lang.IllegalStateException: Required com.template.contracts.TemplateContract.Commands.Create command
	at net.corda.core.contracts.ContractsDSL.requireSingleCommand(ContractsDSL.kt:81) ~[corda-core-4.8.jar:?]
	at com.template.contracts.TemplateContract.verify(TemplateContract.kt:37) ~[main/:?]
	at net.corda.core.internal.ContractVerifier.apply(TransactionVerifierServiceInternal.kt:434) ~[corda-core-4.8.jar:?]
	at net.corda.core.internal.BasicVerifier.verifyContracts(TransactionVerifierServiceInternal.kt:386) ~[corda-core-4.8.jar:?]
	at net.corda.core.internal.Verifier.verify(TransactionVerifierServiceInternal.kt:72) ~[corda-core-4.8.jar:?]
	at net.corda.core.transactions.LedgerTransaction.verify(LedgerTransaction.kt:239) ~[corda-core-4.8.jar:?]
	at net.corda.core.transactions.TransactionBuilder.addMissingDependency(TransactionBuilder.kt:248) ~[corda-core-4.8.jar:?]
	at net.corda.core.transactions.TransactionBuilder.toWireTransactionWithContext(TransactionBuilder.kt:228) ~[corda-core-4.8.jar:?]
	at net.corda.core.transactions.TransactionBuilder.toWireTransactionWithContext$core(TransactionBuilder.kt:186) ~[corda-core-4.8.jar:?]
	at net.corda.core.transactions.TransactionBuilder.toWireTransaction(TransactionBuilder.kt:144) ~[corda-core-4.8.jar:?]
	at net.corda.testing.dsl.TestTransactionDSLInterpreter.toWireTransaction$test_utils(TestDSL.kt:146) ~[corda-test-utils-4.8.jar:?]
	at net.corda.testing.dsl.TestLedgerDSLInterpreter.recordTransactionWithTransactionMap(TestDSL.kt:313) ~[corda-test-utils-4.8.jar:?]
	at net.corda.testing.dsl.TestLedgerDSLInterpreter._unverifiedTransaction(TestDSL.kt:351) ~[corda-test-utils-4.8.jar:?]
	at net.corda.testing.dsl.TransactionDSL.input(TransactionDSLInterpreter.kt:150) ~[corda-test-utils-4.8.jar:?]
	at com.template.contracts.ContractTests$dummytest$1$1.invoke(ContractTests.kt:22) ~[test/:?]
	at com.template.contracts.ContractTests$dummytest$1$1.invoke(ContractTests.kt:10) ~[test/:?]
	at net.corda.testing.dsl.LedgerDSL$transaction$1.invoke(LedgerDSLInterpreter.kt:141) ~[corda-test-utils-4.8.jar:?]
	at net.corda.testing.dsl.LedgerDSL$transaction$1.invoke(LedgerDSLInterpreter.kt:132) ~[corda-test-utils-4.8.jar:?]
	at net.corda.testing.dsl.TestLedgerDSLInterpreter.interpretTransactionDsl(TestDSL.kt:285) ~[corda-test-utils-4.8.jar:?]
	at net.corda.testing.dsl.TestLedgerDSLInterpreter.recordTransactionWithTransactionMap(TestDSL.kt:309) ~[corda-test-utils-4.8.jar:?]
	at net.corda.testing.dsl.TestLedgerDSLInterpreter._transaction(TestDSL.kt:345) ~[corda-test-utils-4.8.jar:?]
	at net.corda.testing.dsl.LedgerDSL._transaction(LedgerDSLInterpreter.kt) ~[corda-test-utils-4.8.jar:?]
	at net.corda.testing.dsl.LedgerDSL.transaction(LedgerDSLInterpreter.kt:141) ~[corda-test-utils-4.8.jar:?]
	at net.corda.testing.dsl.LedgerDSL.transaction$default(LedgerDSLInterpreter.kt:139) ~[corda-test-utils-4.8.jar:?]
	at com.template.contracts.ContractTests$dummytest$1.invoke(ContractTests.kt:20) ~[test/:?]
	at com.template.contracts.ContractTests$dummytest$1.invoke(ContractTests.kt:10) ~[test/:?]
	at net.corda.testing.node.NodeTestUtils$ledger$2.invoke(NodeTestUtils.kt:39) ~[corda-node-driver-4.8.jar:?]
	at net.corda.testing.node.NodeTestUtils$ledger$2.invoke(NodeTestUtils.kt) ~[corda-node-driver-4.8.jar:?]
	at net.corda.testing.internal.InternalTestUtilsKt$withTestSerializationEnvIfNotSet$1.invoke(InternalTestUtils.kt:241) ~[corda-test-utils-4.8.jar:?]
	at net.corda.testing.internal.InternalTestUtilsKt$withTestSerializationEnvIfNotSet$1.invoke(InternalTestUtils.kt) ~[corda-test-utils-4.8.jar:?]
	at net.corda.testing.common.internal.CommonSerializationTestHelpersKt.asContextEnv(CommonSerializationTestHelpers.kt:19) ~[corda-test-common-4.8.jar:?]
	at net.corda.coretesting.internal.InternalSerializationTestHelpersKt.asTestContextEnv(InternalSerializationTestHelpers.kt:70) ~[corda-core-test-utils-4.8.jar:?]
	at net.corda.testing.internal.InternalTestUtilsKt.withTestSerializationEnvIfNotSet(InternalTestUtils.kt:241) ~[corda-test-utils-4.8.jar:?]
	at net.corda.testing.node.NodeTestUtils.ledger(NodeTestUtils.kt:36) ~[corda-node-driver-4.8.jar:?]
	at net.corda.testing.node.NodeTestUtils.ledger$default(NodeTestUtils.kt:23) ~[corda-node-driver-4.8.jar:?]
	at com.template.contracts.ContractTests.dummytest(ContractTests.kt:18) ~[test/:?]
	at sun.reflect.NativeMethodAccessorImpl.invoke0(Native Method) ~[?:1.8.0_232]
	at sun.reflect.NativeMethodAccessorImpl.invoke(NativeMethodAccessorImpl.java:62) ~[?:1.8.0_232]
	at sun.reflect.DelegatingMethodAccessorImpl.invoke(DelegatingMethodAccessorImpl.java:43) ~[?:1.8.0_232]
	at java.lang.reflect.Method.invoke(Method.java:498) ~[?:1.8.0_232]
	at org.junit.runners.model.FrameworkMethod$1.runReflectiveCall(FrameworkMethod.java:50) ~[junit-4.12.jar:4.12]
	at org.junit.internal.runners.model.ReflectiveCallable.run(ReflectiveCallable.java:12) ~[junit-4.12.jar:4.12]
	at org.junit.runners.model.FrameworkMethod.invokeExplosively(FrameworkMethod.java:47) ~[junit-4.12.jar:4.12]
	at org.junit.internal.runners.statements.InvokeMethod.evaluate(InvokeMethod.java:17) ~[junit-4.12.jar:4.12]
	at org.junit.runners.ParentRunner.runLeaf(ParentRunner.java:325) ~[junit-4.12.jar:4.12]
	at org.junit.runners.BlockJUnit4ClassRunner.runChild(BlockJUnit4ClassRunner.java:78) ~[junit-4.12.jar:4.12]
	at org.junit.runners.BlockJUnit4ClassRunner.runChild(BlockJUnit4ClassRunner.java:57) ~[junit-4.12.jar:4.12]
	at org.junit.runners.ParentRunner$3.run(ParentRunner.java:290) ~[junit-4.12.jar:4.12]
	at org.junit.runners.ParentRunner$1.schedule(ParentRunner.java:71) ~[junit-4.12.jar:4.12]
	at org.junit.runners.ParentRunner.runChildren(ParentRunner.java:288) ~[junit-4.12.jar:4.12]
	at org.junit.runners.ParentRunner.access$000(ParentRunner.java:58) ~[junit-4.12.jar:4.12]
	at org.junit.runners.ParentRunner$2.evaluate(ParentRunner.java:268) ~[junit-4.12.jar:4.12]
	at org.junit.runners.ParentRunner.run(ParentRunner.java:363) ~[junit-4.12.jar:4.12]
	at org.gradle.api.internal.tasks.testing.junit.JUnitTestClassExecutor.runTestClass(JUnitTestClassExecutor.java:110) ~[?:?]
	at org.gradle.api.internal.tasks.testing.junit.JUnitTestClassExecutor.execute(JUnitTestClassExecutor.java:58) ~[?:?]
	at org.gradle.api.internal.tasks.testing.junit.JUnitTestClassExecutor.execute(JUnitTestClassExecutor.java:38) ~[?:?]
	at org.gradle.api.internal.tasks.testing.junit.AbstractJUnitTestClassProcessor.processTestClass(AbstractJUnitTestClassProcessor.java:62) ~[?:?]
	at org.gradle.api.internal.tasks.testing.SuiteTestClassProcessor.processTestClass(SuiteTestClassProcessor.java:51) ~[?:?]
	at sun.reflect.NativeMethodAccessorImpl.invoke0(Native Method) ~[?:1.8.0_232]
	at sun.reflect.NativeMethodAccessorImpl.invoke(NativeMethodAccessorImpl.java:62) ~[?:1.8.0_232]
	at sun.reflect.DelegatingMethodAccessorImpl.invoke(DelegatingMethodAccessorImpl.java:43) ~[?:1.8.0_232]
	at java.lang.reflect.Method.invoke(Method.java:498) ~[?:1.8.0_232]
	at org.gradle.internal.dispatch.ReflectionDispatch.dispatch(ReflectionDispatch.java:36) ~[gradle-tooling-api-5.6.4.jar:5.6.4]
	at org.gradle.internal.dispatch.ReflectionDispatch.dispatch(ReflectionDispatch.java:24) ~[gradle-tooling-api-5.6.4.jar:5.6.4]
	at org.gradle.internal.dispatch.ContextClassLoaderDispatch.dispatch(ContextClassLoaderDispatch.java:33) ~[?:?]
	at org.gradle.internal.dispatch.ProxyDispatchAdapter$DispatchingInvocationHandler.invoke(ProxyDispatchAdapter.java:94) ~[gradle-tooling-api-5.6.4.jar:5.6.4]
	at com.sun.proxy.$Proxy2.processTestClass(Unknown Source) ~[?:?]
	at org.gradle.api.internal.tasks.testing.worker.TestWorker.processTestClass(TestWorker.java:118) ~[?:?]
	at sun.reflect.NativeMethodAccessorImpl.invoke0(Native Method) ~[?:1.8.0_232]
	at sun.reflect.NativeMethodAccessorImpl.invoke(NativeMethodAccessorImpl.java:62) ~[?:1.8.0_232]
	at sun.reflect.DelegatingMethodAccessorImpl.invoke(DelegatingMethodAccessorImpl.java:43) ~[?:1.8.0_232]
	at java.lang.reflect.Method.invoke(Method.java:498) ~[?:1.8.0_232]
	at org.gradle.internal.dispatch.ReflectionDispatch.dispatch(ReflectionDispatch.java:36) ~[gradle-tooling-api-5.6.4.jar:5.6.4]
	at org.gradle.internal.dispatch.ReflectionDispatch.dispatch(ReflectionDispatch.java:24) ~[gradle-tooling-api-5.6.4.jar:5.6.4]
	at org.gradle.internal.remote.internal.hub.MessageHubBackedObjectConnection$DispatchWrapper.dispatch(MessageHubBackedObjectConnection.java:182) ~[?:?]
	at org.gradle.internal.remote.internal.hub.MessageHubBackedObjectConnection$DispatchWrapper.dispatch(MessageHubBackedObjectConnection.java:164) ~[?:?]
	at org.gradle.internal.remote.internal.hub.MessageHub$Handler.run(MessageHub.java:412) ~[?:?]
	at org.gradle.internal.concurrent.ExecutorPolicy$CatchAndRecordFailures.onExecute(ExecutorPolicy.java:64) ~[gradle-tooling-api-5.6.4.jar:5.6.4]
	at org.gradle.internal.concurrent.ManagedExecutorImpl$1.run(ManagedExecutorImpl.java:48) ~[gradle-tooling-api-5.6.4.jar:5.6.4]
	at java.util.concurrent.ThreadPoolExecutor.runWorker(ThreadPoolExecutor.java:1149) ~[?:1.8.0_232]
	at java.util.concurrent.ThreadPoolExecutor$Worker.run(ThreadPoolExecutor.java:624) ~[?:1.8.0_232]
	at org.gradle.internal.concurrent.ThreadFactoryImpl$ManagedThreadRunnable.run(ThreadFactoryImpl.java:56) ~[gradle-tooling-api-5.6.4.jar:5.6.4]
	at java.lang.Thread.run(Thread.java:748) [?:1.8.0_232]
[ERROR] 2021-07-18T19:43:57,547Z [Test worker] internal.Verifier. - Error validating transaction 652FEDF914BE7425F3F2ECD8ED127D5146ED73F174436BAABF28A4763983EA2E. {}
java.lang.IllegalArgumentException: Failed requirement: No inputs should be consumed when sending the Hello-World message.
	at com.template.contracts.TemplateContract.verify(TemplateContract.kt:40) ~[main/:?]
	at net.corda.core.internal.ContractVerifier.apply(TransactionVerifierServiceInternal.kt:434) ~[corda-core-4.8.jar:?]
	at net.corda.core.internal.BasicVerifier.verifyContracts(TransactionVerifierServiceInternal.kt:386) ~[corda-core-4.8.jar:?]
	at net.corda.core.internal.Verifier.verify(TransactionVerifierServiceInternal.kt:72) ~[corda-core-4.8.jar:?]
	at net.corda.core.transactions.LedgerTransaction.verify(LedgerTransaction.kt:239) ~[corda-core-4.8.jar:?]
	at net.corda.core.transactions.TransactionBuilder.addMissingDependency(TransactionBuilder.kt:248) ~[corda-core-4.8.jar:?]
	at net.corda.core.transactions.TransactionBuilder.toWireTransactionWithContext(TransactionBuilder.kt:228) ~[corda-core-4.8.jar:?]
	at net.corda.core.transactions.TransactionBuilder.toWireTransactionWithContext$core(TransactionBuilder.kt:186) ~[corda-core-4.8.jar:?]
	at net.corda.core.transactions.TransactionBuilder.toWireTransaction(TransactionBuilder.kt:144) ~[corda-core-4.8.jar:?]
	at net.corda.testing.dsl.TestTransactionDSLInterpreter.toWireTransaction$test_utils(TestDSL.kt:146) ~[corda-test-utils-4.8.jar:?]
	at net.corda.testing.dsl.TestTransactionDSLInterpreter.verifies(TestDSL.kt:190) ~[corda-test-utils-4.8.jar:?]
	at net.corda.testing.dsl.Verifies$DefaultImpls.failsWith(LedgerDSLInterpreter.kt:45) ~[corda-test-utils-4.8.jar:?]
	at net.corda.testing.dsl.TransactionDSLInterpreter$DefaultImpls.failsWith(TransactionDSLInterpreter.kt) ~[corda-test-utils-4.8.jar:?]
	at net.corda.testing.dsl.TestTransactionDSLInterpreter.failsWith(TestDSL.kt:80) ~[corda-test-utils-4.8.jar:?]
	at net.corda.testing.dsl.Verifies$DefaultImpls.fails(LedgerDSLInterpreter.kt:75) ~[corda-test-utils-4.8.jar:?]
	at net.corda.testing.dsl.TransactionDSLInterpreter$DefaultImpls.fails(TransactionDSLInterpreter.kt) ~[corda-test-utils-4.8.jar:?]
	at net.corda.testing.dsl.TestTransactionDSLInterpreter.fails(TestDSL.kt:80) ~[corda-test-utils-4.8.jar:?]
	at net.corda.testing.dsl.TransactionDSL.fails(TransactionDSLInterpreter.kt) ~[corda-test-utils-4.8.jar:?]
	at com.template.contracts.ContractTests$dummytest$1$1.invoke(ContractTests.kt:25) ~[test/:?]
	at com.template.contracts.ContractTests$dummytest$1$1.invoke(ContractTests.kt:10) ~[test/:?]
	at net.corda.testing.dsl.LedgerDSL$transaction$1.invoke(LedgerDSLInterpreter.kt:141) ~[corda-test-utils-4.8.jar:?]
	at net.corda.testing.dsl.LedgerDSL$transaction$1.invoke(LedgerDSLInterpreter.kt:132) ~[corda-test-utils-4.8.jar:?]
	at net.corda.testing.dsl.TestLedgerDSLInterpreter.interpretTransactionDsl(TestDSL.kt:285) ~[corda-test-utils-4.8.jar:?]
	at net.corda.testing.dsl.TestLedgerDSLInterpreter.recordTransactionWithTransactionMap(TestDSL.kt:309) ~[corda-test-utils-4.8.jar:?]
	at net.corda.testing.dsl.TestLedgerDSLInterpreter._transaction(TestDSL.kt:345) ~[corda-test-utils-4.8.jar:?]
	at net.corda.testing.dsl.LedgerDSL._transaction(LedgerDSLInterpreter.kt) ~[corda-test-utils-4.8.jar:?]
	at net.corda.testing.dsl.LedgerDSL.transaction(LedgerDSLInterpreter.kt:141) ~[corda-test-utils-4.8.jar:?]
	at net.corda.testing.dsl.LedgerDSL.transaction$default(LedgerDSLInterpreter.kt:139) ~[corda-test-utils-4.8.jar:?]
	at com.template.contracts.ContractTests$dummytest$1.invoke(ContractTests.kt:20) ~[test/:?]
	at com.template.contracts.ContractTests$dummytest$1.invoke(ContractTests.kt:10) ~[test/:?]
	at net.corda.testing.node.NodeTestUtils$ledger$2.invoke(NodeTestUtils.kt:39) ~[corda-node-driver-4.8.jar:?]
	at net.corda.testing.node.NodeTestUtils$ledger$2.invoke(NodeTestUtils.kt) ~[corda-node-driver-4.8.jar:?]
	at net.corda.testing.internal.InternalTestUtilsKt$withTestSerializationEnvIfNotSet$1.invoke(InternalTestUtils.kt:241) ~[corda-test-utils-4.8.jar:?]
	at net.corda.testing.internal.InternalTestUtilsKt$withTestSerializationEnvIfNotSet$1.invoke(InternalTestUtils.kt) ~[corda-test-utils-4.8.jar:?]
	at net.corda.testing.common.internal.CommonSerializationTestHelpersKt.asContextEnv(CommonSerializationTestHelpers.kt:19) ~[corda-test-common-4.8.jar:?]
	at net.corda.coretesting.internal.InternalSerializationTestHelpersKt.asTestContextEnv(InternalSerializationTestHelpers.kt:70) ~[corda-core-test-utils-4.8.jar:?]
	at net.corda.testing.internal.InternalTestUtilsKt.withTestSerializationEnvIfNotSet(InternalTestUtils.kt:241) ~[corda-test-utils-4.8.jar:?]
	at net.corda.testing.node.NodeTestUtils.ledger(NodeTestUtils.kt:36) ~[corda-node-driver-4.8.jar:?]
	at net.corda.testing.node.NodeTestUtils.ledger$default(NodeTestUtils.kt:23) ~[corda-node-driver-4.8.jar:?]
	at com.template.contracts.ContractTests.dummytest(ContractTests.kt:18) ~[test/:?]
	at sun.reflect.NativeMethodAccessorImpl.invoke0(Native Method) ~[?:1.8.0_232]
	at sun.reflect.NativeMethodAccessorImpl.invoke(NativeMethodAccessorImpl.java:62) ~[?:1.8.0_232]
	at sun.reflect.DelegatingMethodAccessorImpl.invoke(DelegatingMethodAccessorImpl.java:43) ~[?:1.8.0_232]
	at java.lang.reflect.Method.invoke(Method.java:498) ~[?:1.8.0_232]
	at org.junit.runners.model.FrameworkMethod$1.runReflectiveCall(FrameworkMethod.java:50) ~[junit-4.12.jar:4.12]
	at org.junit.internal.runners.model.ReflectiveCallable.run(ReflectiveCallable.java:12) ~[junit-4.12.jar:4.12]
	at org.junit.runners.model.FrameworkMethod.invokeExplosively(FrameworkMethod.java:47) ~[junit-4.12.jar:4.12]
	at org.junit.internal.runners.statements.InvokeMethod.evaluate(InvokeMethod.java:17) ~[junit-4.12.jar:4.12]
	at org.junit.runners.ParentRunner.runLeaf(ParentRunner.java:325) ~[junit-4.12.jar:4.12]
	at org.junit.runners.BlockJUnit4ClassRunner.runChild(BlockJUnit4ClassRunner.java:78) ~[junit-4.12.jar:4.12]
	at org.junit.runners.BlockJUnit4ClassRunner.runChild(BlockJUnit4ClassRunner.java:57) ~[junit-4.12.jar:4.12]
	at org.junit.runners.ParentRunner$3.run(ParentRunner.java:290) ~[junit-4.12.jar:4.12]
	at org.junit.runners.ParentRunner$1.schedule(ParentRunner.java:71) ~[junit-4.12.jar:4.12]
	at org.junit.runners.ParentRunner.runChildren(ParentRunner.java:288) ~[junit-4.12.jar:4.12]
	at org.junit.runners.ParentRunner.access$000(ParentRunner.java:58) ~[junit-4.12.jar:4.12]
	at org.junit.runners.ParentRunner$2.evaluate(ParentRunner.java:268) ~[junit-4.12.jar:4.12]
	at org.junit.runners.ParentRunner.run(ParentRunner.java:363) ~[junit-4.12.jar:4.12]
	at org.gradle.api.internal.tasks.testing.junit.JUnitTestClassExecutor.runTestClass(JUnitTestClassExecutor.java:110) ~[?:?]
	at org.gradle.api.internal.tasks.testing.junit.JUnitTestClassExecutor.execute(JUnitTestClassExecutor.java:58) ~[?:?]
	at org.gradle.api.internal.tasks.testing.junit.JUnitTestClassExecutor.execute(JUnitTestClassExecutor.java:38) ~[?:?]
	at org.gradle.api.internal.tasks.testing.junit.AbstractJUnitTestClassProcessor.processTestClass(AbstractJUnitTestClassProcessor.java:62) ~[?:?]
	at org.gradle.api.internal.tasks.testing.SuiteTestClassProcessor.processTestClass(SuiteTestClassProcessor.java:51) ~[?:?]
	at sun.reflect.NativeMethodAccessorImpl.invoke0(Native Method) ~[?:1.8.0_232]
	at sun.reflect.NativeMethodAccessorImpl.invoke(NativeMethodAccessorImpl.java:62) ~[?:1.8.0_232]
	at sun.reflect.DelegatingMethodAccessorImpl.invoke(DelegatingMethodAccessorImpl.java:43) ~[?:1.8.0_232]
	at java.lang.reflect.Method.invoke(Method.java:498) ~[?:1.8.0_232]
	at org.gradle.internal.dispatch.ReflectionDispatch.dispatch(ReflectionDispatch.java:36) ~[gradle-tooling-api-5.6.4.jar:5.6.4]
	at org.gradle.internal.dispatch.ReflectionDispatch.dispatch(ReflectionDispatch.java:24) ~[gradle-tooling-api-5.6.4.jar:5.6.4]
	at org.gradle.internal.dispatch.ContextClassLoaderDispatch.dispatch(ContextClassLoaderDispatch.java:33) ~[?:?]
	at org.gradle.internal.dispatch.ProxyDispatchAdapter$DispatchingInvocationHandler.invoke(ProxyDispatchAdapter.java:94) ~[gradle-tooling-api-5.6.4.jar:5.6.4]
	at com.sun.proxy.$Proxy2.processTestClass(Unknown Source) ~[?:?]
	at org.gradle.api.internal.tasks.testing.worker.TestWorker.processTestClass(TestWorker.java:118) ~[?:?]
	at sun.reflect.NativeMethodAccessorImpl.invoke0(Native Method) ~[?:1.8.0_232]
	at sun.reflect.NativeMethodAccessorImpl.invoke(NativeMethodAccessorImpl.java:62) ~[?:1.8.0_232]
	at sun.reflect.DelegatingMethodAccessorImpl.invoke(DelegatingMethodAccessorImpl.java:43) ~[?:1.8.0_232]
	at java.lang.reflect.Method.invoke(Method.java:498) ~[?:1.8.0_232]
	at org.gradle.internal.dispatch.ReflectionDispatch.dispatch(ReflectionDispatch.java:36) ~[gradle-tooling-api-5.6.4.jar:5.6.4]
	at org.gradle.internal.dispatch.ReflectionDispatch.dispatch(ReflectionDispatch.java:24) ~[gradle-tooling-api-5.6.4.jar:5.6.4]
	at org.gradle.internal.remote.internal.hub.MessageHubBackedObjectConnection$DispatchWrapper.dispatch(MessageHubBackedObjectConnection.java:182) ~[?:?]
	at org.gradle.internal.remote.internal.hub.MessageHubBackedObjectConnection$DispatchWrapper.dispatch(MessageHubBackedObjectConnection.java:164) ~[?:?]
	at org.gradle.internal.remote.internal.hub.MessageHub$Handler.run(MessageHub.java:412) ~[?:?]
	at org.gradle.internal.concurrent.ExecutorPolicy$CatchAndRecordFailures.onExecute(ExecutorPolicy.java:64) ~[gradle-tooling-api-5.6.4.jar:5.6.4]
	at org.gradle.internal.concurrent.ManagedExecutorImpl$1.run(ManagedExecutorImpl.java:48) ~[gradle-tooling-api-5.6.4.jar:5.6.4]
	at java.util.concurrent.ThreadPoolExecutor.runWorker(ThreadPoolExecutor.java:1149) ~[?:1.8.0_232]
	at java.util.concurrent.ThreadPoolExecutor$Worker.run(ThreadPoolExecutor.java:624) ~[?:1.8.0_232]
	at org.gradle.internal.concurrent.ThreadFactoryImpl$ManagedThreadRunnable.run(ThreadFactoryImpl.java:56) ~[gradle-tooling-api-5.6.4.jar:5.6.4]
	at java.lang.Thread.run(Thread.java:748) [?:1.8.0_232]
[ERROR] 2021-07-18T19:43:57,553Z [Test worker] internal.Verifier. - Error validating transaction 652FEDF914BE7425F3F2ECD8ED127D5146ED73F174436BAABF28A4763983EA2E. {}
java.lang.IllegalArgumentException: Failed requirement: No inputs should be consumed when sending the Hello-World message.
	at com.template.contracts.TemplateContract.verify(TemplateContract.kt:40) ~[main/:?]
	at net.corda.core.internal.ContractVerifier.apply(TransactionVerifierServiceInternal.kt:434) ~[corda-core-4.8.jar:?]
	at net.corda.core.internal.BasicVerifier.verifyContracts(TransactionVerifierServiceInternal.kt:386) ~[corda-core-4.8.jar:?]
	at net.corda.core.internal.Verifier.verify(TransactionVerifierServiceInternal.kt:72) ~[corda-core-4.8.jar:?]
	at net.corda.core.transactions.LedgerTransaction.verify(LedgerTransaction.kt:239) ~[corda-core-4.8.jar:?]
	at net.corda.testing.dsl.TestTransactionDSLInterpreter.verifies(TestDSL.kt:190) ~[corda-test-utils-4.8.jar:?]
	at net.corda.testing.dsl.Verifies$DefaultImpls.failsWith(LedgerDSLInterpreter.kt:45) ~[corda-test-utils-4.8.jar:?]
	at net.corda.testing.dsl.TransactionDSLInterpreter$DefaultImpls.failsWith(TransactionDSLInterpreter.kt) ~[corda-test-utils-4.8.jar:?]
	at net.corda.testing.dsl.TestTransactionDSLInterpreter.failsWith(TestDSL.kt:80) ~[corda-test-utils-4.8.jar:?]
	at net.corda.testing.dsl.Verifies$DefaultImpls.fails(LedgerDSLInterpreter.kt:75) ~[corda-test-utils-4.8.jar:?]
	at net.corda.testing.dsl.TransactionDSLInterpreter$DefaultImpls.fails(TransactionDSLInterpreter.kt) ~[corda-test-utils-4.8.jar:?]
	at net.corda.testing.dsl.TestTransactionDSLInterpreter.fails(TestDSL.kt:80) ~[corda-test-utils-4.8.jar:?]
	at net.corda.testing.dsl.TransactionDSL.fails(TransactionDSLInterpreter.kt) ~[corda-test-utils-4.8.jar:?]
	at com.template.contracts.ContractTests$dummytest$1$1.invoke(ContractTests.kt:25) ~[test/:?]
	at com.template.contracts.ContractTests$dummytest$1$1.invoke(ContractTests.kt:10) ~[test/:?]
	at net.corda.testing.dsl.LedgerDSL$transaction$1.invoke(LedgerDSLInterpreter.kt:141) ~[corda-test-utils-4.8.jar:?]
	at net.corda.testing.dsl.LedgerDSL$transaction$1.invoke(LedgerDSLInterpreter.kt:132) ~[corda-test-utils-4.8.jar:?]
	at net.corda.testing.dsl.TestLedgerDSLInterpreter.interpretTransactionDsl(TestDSL.kt:285) ~[corda-test-utils-4.8.jar:?]
	at net.corda.testing.dsl.TestLedgerDSLInterpreter.recordTransactionWithTransactionMap(TestDSL.kt:309) ~[corda-test-utils-4.8.jar:?]
	at net.corda.testing.dsl.TestLedgerDSLInterpreter._transaction(TestDSL.kt:345) ~[corda-test-utils-4.8.jar:?]
	at net.corda.testing.dsl.LedgerDSL._transaction(LedgerDSLInterpreter.kt) ~[corda-test-utils-4.8.jar:?]
	at net.corda.testing.dsl.LedgerDSL.transaction(LedgerDSLInterpreter.kt:141) ~[corda-test-utils-4.8.jar:?]
	at net.corda.testing.dsl.LedgerDSL.transaction$default(LedgerDSLInterpreter.kt:139) ~[corda-test-utils-4.8.jar:?]
	at com.template.contracts.ContractTests$dummytest$1.invoke(ContractTests.kt:20) ~[test/:?]
	at com.template.contracts.ContractTests$dummytest$1.invoke(ContractTests.kt:10) ~[test/:?]
	at net.corda.testing.node.NodeTestUtils$ledger$2.invoke(NodeTestUtils.kt:39) ~[corda-node-driver-4.8.jar:?]
	at net.corda.testing.node.NodeTestUtils$ledger$2.invoke(NodeTestUtils.kt) ~[corda-node-driver-4.8.jar:?]
	at net.corda.testing.internal.InternalTestUtilsKt$withTestSerializationEnvIfNotSet$1.invoke(InternalTestUtils.kt:241) ~[corda-test-utils-4.8.jar:?]
	at net.corda.testing.internal.InternalTestUtilsKt$withTestSerializationEnvIfNotSet$1.invoke(InternalTestUtils.kt) ~[corda-test-utils-4.8.jar:?]
	at net.corda.testing.common.internal.CommonSerializationTestHelpersKt.asContextEnv(CommonSerializationTestHelpers.kt:19) ~[corda-test-common-4.8.jar:?]
	at net.corda.coretesting.internal.InternalSerializationTestHelpersKt.asTestContextEnv(InternalSerializationTestHelpers.kt:70) ~[corda-core-test-utils-4.8.jar:?]
	at net.corda.testing.internal.InternalTestUtilsKt.withTestSerializationEnvIfNotSet(InternalTestUtils.kt:241) ~[corda-test-utils-4.8.jar:?]
	at net.corda.testing.node.NodeTestUtils.ledger(NodeTestUtils.kt:36) ~[corda-node-driver-4.8.jar:?]
	at net.corda.testing.node.NodeTestUtils.ledger$default(NodeTestUtils.kt:23) ~[corda-node-driver-4.8.jar:?]
	at com.template.contracts.ContractTests.dummytest(ContractTests.kt:18) ~[test/:?]
	at sun.reflect.NativeMethodAccessorImpl.invoke0(Native Method) ~[?:1.8.0_232]
	at sun.reflect.NativeMethodAccessorImpl.invoke(NativeMethodAccessorImpl.java:62) ~[?:1.8.0_232]
	at sun.reflect.DelegatingMethodAccessorImpl.invoke(DelegatingMethodAccessorImpl.java:43) ~[?:1.8.0_232]
	at java.lang.reflect.Method.invoke(Method.java:498) ~[?:1.8.0_232]
	at org.junit.runners.model.FrameworkMethod$1.runReflectiveCall(FrameworkMethod.java:50) ~[junit-4.12.jar:4.12]
	at org.junit.internal.runners.model.ReflectiveCallable.run(ReflectiveCallable.java:12) ~[junit-4.12.jar:4.12]
	at org.junit.runners.model.FrameworkMethod.invokeExplosively(FrameworkMethod.java:47) ~[junit-4.12.jar:4.12]
	at org.junit.internal.runners.statements.InvokeMethod.evaluate(InvokeMethod.java:17) ~[junit-4.12.jar:4.12]
	at org.junit.runners.ParentRunner.runLeaf(ParentRunner.java:325) ~[junit-4.12.jar:4.12]
	at org.junit.runners.BlockJUnit4ClassRunner.runChild(BlockJUnit4ClassRunner.java:78) ~[junit-4.12.jar:4.12]
	at org.junit.runners.BlockJUnit4ClassRunner.runChild(BlockJUnit4ClassRunner.java:57) ~[junit-4.12.jar:4.12]
	at org.junit.runners.ParentRunner$3.run(ParentRunner.java:290) ~[junit-4.12.jar:4.12]
	at org.junit.runners.ParentRunner$1.schedule(ParentRunner.java:71) ~[junit-4.12.jar:4.12]
	at org.junit.runners.ParentRunner.runChildren(ParentRunner.java:288) ~[junit-4.12.jar:4.12]
	at org.junit.runners.ParentRunner.access$000(ParentRunner.java:58) ~[junit-4.12.jar:4.12]
	at org.junit.runners.ParentRunner$2.evaluate(ParentRunner.java:268) ~[junit-4.12.jar:4.12]
	at org.junit.runners.ParentRunner.run(ParentRunner.java:363) ~[junit-4.12.jar:4.12]
	at org.gradle.api.internal.tasks.testing.junit.JUnitTestClassExecutor.runTestClass(JUnitTestClassExecutor.java:110) ~[?:?]
	at org.gradle.api.internal.tasks.testing.junit.JUnitTestClassExecutor.execute(JUnitTestClassExecutor.java:58) ~[?:?]
	at org.gradle.api.internal.tasks.testing.junit.JUnitTestClassExecutor.execute(JUnitTestClassExecutor.java:38) ~[?:?]
	at org.gradle.api.internal.tasks.testing.junit.AbstractJUnitTestClassProcessor.processTestClass(AbstractJUnitTestClassProcessor.java:62) ~[?:?]
	at org.gradle.api.internal.tasks.testing.SuiteTestClassProcessor.processTestClass(SuiteTestClassProcessor.java:51) ~[?:?]
	at sun.reflect.NativeMethodAccessorImpl.invoke0(Native Method) ~[?:1.8.0_232]
	at sun.reflect.NativeMethodAccessorImpl.invoke(NativeMethodAccessorImpl.java:62) ~[?:1.8.0_232]
	at sun.reflect.DelegatingMethodAccessorImpl.invoke(DelegatingMethodAccessorImpl.java:43) ~[?:1.8.0_232]
	at java.lang.reflect.Method.invoke(Method.java:498) ~[?:1.8.0_232]
	at org.gradle.internal.dispatch.ReflectionDispatch.dispatch(ReflectionDispatch.java:36) ~[gradle-tooling-api-5.6.4.jar:5.6.4]
	at org.gradle.internal.dispatch.ReflectionDispatch.dispatch(ReflectionDispatch.java:24) ~[gradle-tooling-api-5.6.4.jar:5.6.4]
	at org.gradle.internal.dispatch.ContextClassLoaderDispatch.dispatch(ContextClassLoaderDispatch.java:33) ~[?:?]
	at org.gradle.internal.dispatch.ProxyDispatchAdapter$DispatchingInvocationHandler.invoke(ProxyDispatchAdapter.java:94) ~[gradle-tooling-api-5.6.4.jar:5.6.4]
	at com.sun.proxy.$Proxy2.processTestClass(Unknown Source) ~[?:?]
	at org.gradle.api.internal.tasks.testing.worker.TestWorker.processTestClass(TestWorker.java:118) ~[?:?]
	at sun.reflect.NativeMethodAccessorImpl.invoke0(Native Method) ~[?:1.8.0_232]
	at sun.reflect.NativeMethodAccessorImpl.invoke(NativeMethodAccessorImpl.java:62) ~[?:1.8.0_232]
	at sun.reflect.DelegatingMethodAccessorImpl.invoke(DelegatingMethodAccessorImpl.java:43) ~[?:1.8.0_232]
	at java.lang.reflect.Method.invoke(Method.java:498) ~[?:1.8.0_232]
	at org.gradle.internal.dispatch.ReflectionDispatch.dispatch(ReflectionDispatch.java:36) ~[gradle-tooling-api-5.6.4.jar:5.6.4]
	at org.gradle.internal.dispatch.ReflectionDispatch.dispatch(ReflectionDispatch.java:24) ~[gradle-tooling-api-5.6.4.jar:5.6.4]
	at org.gradle.internal.remote.internal.hub.MessageHubBackedObjectConnection$DispatchWrapper.dispatch(MessageHubBackedObjectConnection.java:182) ~[?:?]
	at org.gradle.internal.remote.internal.hub.MessageHubBackedObjectConnection$DispatchWrapper.dispatch(MessageHubBackedObjectConnection.java:164) ~[?:?]
	at org.gradle.internal.remote.internal.hub.MessageHub$Handler.run(MessageHub.java:412) ~[?:?]
	at org.gradle.internal.concurrent.ExecutorPolicy$CatchAndRecordFailures.onExecute(ExecutorPolicy.java:64) ~[gradle-tooling-api-5.6.4.jar:5.6.4]
	at org.gradle.internal.concurrent.ManagedExecutorImpl$1.run(ManagedExecutorImpl.java:48) ~[gradle-tooling-api-5.6.4.jar:5.6.4]
	at java.util.concurrent.ThreadPoolExecutor.runWorker(ThreadPoolExecutor.java:1149) ~[?:1.8.0_232]
	at java.util.concurrent.ThreadPoolExecutor$Worker.run(ThreadPoolExecutor.java:624) ~[?:1.8.0_232]
	at org.gradle.internal.concurrent.ThreadFactoryImpl$ManagedThreadRunnable.run(ThreadFactoryImpl.java:56) ~[gradle-tooling-api-5.6.4.jar:5.6.4]
	at java.lang.Thread.run(Thread.java:748) [?:1.8.0_232]
[ERROR] 2021-07-18T19:43:57,562Z [Test worker] internal.Verifier. - Error validating transaction 652FEDF914BE7425F3F2ECD8ED127D5146ED73F174436BAABF28A4763983EA2E. {}
java.lang.IllegalArgumentException: Failed requirement: No inputs should be consumed when sending the Hello-World message.
	at com.template.contracts.TemplateContract.verify(TemplateContract.kt:40) ~[main/:?]
	at net.corda.core.internal.ContractVerifier.apply(TransactionVerifierServiceInternal.kt:434) ~[corda-core-4.8.jar:?]
	at net.corda.core.internal.BasicVerifier.verifyContracts(TransactionVerifierServiceInternal.kt:386) ~[corda-core-4.8.jar:?]
	at net.corda.core.internal.Verifier.verify(TransactionVerifierServiceInternal.kt:72) ~[corda-core-4.8.jar:?]
	at net.corda.core.transactions.LedgerTransaction.verify(LedgerTransaction.kt:239) ~[corda-core-4.8.jar:?]
	at net.corda.core.transactions.TransactionBuilder.addMissingDependency(TransactionBuilder.kt:248) ~[corda-core-4.8.jar:?]
	at net.corda.core.transactions.TransactionBuilder.toWireTransactionWithContext(TransactionBuilder.kt:228) ~[corda-core-4.8.jar:?]
	at net.corda.core.transactions.TransactionBuilder.toWireTransactionWithContext$core(TransactionBuilder.kt:186) ~[corda-core-4.8.jar:?]
	at net.corda.core.transactions.TransactionBuilder.toWireTransaction(TransactionBuilder.kt:144) ~[corda-core-4.8.jar:?]
	at net.corda.testing.dsl.TestTransactionDSLInterpreter.toWireTransaction$test_utils(TestDSL.kt:146) ~[corda-test-utils-4.8.jar:?]
	at net.corda.testing.dsl.TestLedgerDSLInterpreter.recordTransactionWithTransactionMap(TestDSL.kt:313) ~[corda-test-utils-4.8.jar:?]
	at net.corda.testing.dsl.TestLedgerDSLInterpreter._transaction(TestDSL.kt:345) ~[corda-test-utils-4.8.jar:?]
	at net.corda.testing.dsl.LedgerDSL._transaction(LedgerDSLInterpreter.kt) ~[corda-test-utils-4.8.jar:?]
	at net.corda.testing.dsl.LedgerDSL.transaction(LedgerDSLInterpreter.kt:141) ~[corda-test-utils-4.8.jar:?]
	at net.corda.testing.dsl.LedgerDSL.transaction$default(LedgerDSLInterpreter.kt:139) ~[corda-test-utils-4.8.jar:?]
	at com.template.contracts.ContractTests$dummytest$1.invoke(ContractTests.kt:20) ~[test/:?]
	at com.template.contracts.ContractTests$dummytest$1.invoke(ContractTests.kt:10) ~[test/:?]
	at net.corda.testing.node.NodeTestUtils$ledger$2.invoke(NodeTestUtils.kt:39) ~[corda-node-driver-4.8.jar:?]
	at net.corda.testing.node.NodeTestUtils$ledger$2.invoke(NodeTestUtils.kt) ~[corda-node-driver-4.8.jar:?]
	at net.corda.testing.internal.InternalTestUtilsKt$withTestSerializationEnvIfNotSet$1.invoke(InternalTestUtils.kt:241) ~[corda-test-utils-4.8.jar:?]
	at net.corda.testing.internal.InternalTestUtilsKt$withTestSerializationEnvIfNotSet$1.invoke(InternalTestUtils.kt) ~[corda-test-utils-4.8.jar:?]
	at net.corda.testing.common.internal.CommonSerializationTestHelpersKt.asContextEnv(CommonSerializationTestHelpers.kt:19) ~[corda-test-common-4.8.jar:?]
	at net.corda.coretesting.internal.InternalSerializationTestHelpersKt.asTestContextEnv(InternalSerializationTestHelpers.kt:70) ~[corda-core-test-utils-4.8.jar:?]
	at net.corda.testing.internal.InternalTestUtilsKt.withTestSerializationEnvIfNotSet(InternalTestUtils.kt:241) ~[corda-test-utils-4.8.jar:?]
	at net.corda.testing.node.NodeTestUtils.ledger(NodeTestUtils.kt:36) ~[corda-node-driver-4.8.jar:?]
	at net.corda.testing.node.NodeTestUtils.ledger$default(NodeTestUtils.kt:23) ~[corda-node-driver-4.8.jar:?]
	at com.template.contracts.ContractTests.dummytest(ContractTests.kt:18) ~[test/:?]
	at sun.reflect.NativeMethodAccessorImpl.invoke0(Native Method) ~[?:1.8.0_232]
	at sun.reflect.NativeMethodAccessorImpl.invoke(NativeMethodAccessorImpl.java:62) ~[?:1.8.0_232]
	at sun.reflect.DelegatingMethodAccessorImpl.invoke(DelegatingMethodAccessorImpl.java:43) ~[?:1.8.0_232]
	at java.lang.reflect.Method.invoke(Method.java:498) ~[?:1.8.0_232]
	at org.junit.runners.model.FrameworkMethod$1.runReflectiveCall(FrameworkMethod.java:50) ~[junit-4.12.jar:4.12]
	at org.junit.internal.runners.model.ReflectiveCallable.run(ReflectiveCallable.java:12) ~[junit-4.12.jar:4.12]
	at org.junit.runners.model.FrameworkMethod.invokeExplosively(FrameworkMethod.java:47) ~[junit-4.12.jar:4.12]
	at org.junit.internal.runners.statements.InvokeMethod.evaluate(InvokeMethod.java:17) ~[junit-4.12.jar:4.12]
	at org.junit.runners.ParentRunner.runLeaf(ParentRunner.java:325) ~[junit-4.12.jar:4.12]
	at org.junit.runners.BlockJUnit4ClassRunner.runChild(BlockJUnit4ClassRunner.java:78) ~[junit-4.12.jar:4.12]
	at org.junit.runners.BlockJUnit4ClassRunner.runChild(BlockJUnit4ClassRunner.java:57) ~[junit-4.12.jar:4.12]
	at org.junit.runners.ParentRunner$3.run(ParentRunner.java:290) ~[junit-4.12.jar:4.12]
	at org.junit.runners.ParentRunner$1.schedule(ParentRunner.java:71) ~[junit-4.12.jar:4.12]
	at org.junit.runners.ParentRunner.runChildren(ParentRunner.java:288) ~[junit-4.12.jar:4.12]
	at org.junit.runners.ParentRunner.access$000(ParentRunner.java:58) ~[junit-4.12.jar:4.12]
	at org.junit.runners.ParentRunner$2.evaluate(ParentRunner.java:268) ~[junit-4.12.jar:4.12]
	at org.junit.runners.ParentRunner.run(ParentRunner.java:363) ~[junit-4.12.jar:4.12]
	at org.gradle.api.internal.tasks.testing.junit.JUnitTestClassExecutor.runTestClass(JUnitTestClassExecutor.java:110) ~[?:?]
	at org.gradle.api.internal.tasks.testing.junit.JUnitTestClassExecutor.execute(JUnitTestClassExecutor.java:58) ~[?:?]
	at org.gradle.api.internal.tasks.testing.junit.JUnitTestClassExecutor.execute(JUnitTestClassExecutor.java:38) ~[?:?]
	at org.gradle.api.internal.tasks.testing.junit.AbstractJUnitTestClassProcessor.processTestClass(AbstractJUnitTestClassProcessor.java:62) ~[?:?]
	at org.gradle.api.internal.tasks.testing.SuiteTestClassProcessor.processTestClass(SuiteTestClassProcessor.java:51) ~[?:?]
	at sun.reflect.NativeMethodAccessorImpl.invoke0(Native Method) ~[?:1.8.0_232]
	at sun.reflect.NativeMethodAccessorImpl.invoke(NativeMethodAccessorImpl.java:62) ~[?:1.8.0_232]
	at sun.reflect.DelegatingMethodAccessorImpl.invoke(DelegatingMethodAccessorImpl.java:43) ~[?:1.8.0_232]
	at java.lang.reflect.Method.invoke(Method.java:498) ~[?:1.8.0_232]
	at org.gradle.internal.dispatch.ReflectionDispatch.dispatch(ReflectionDispatch.java:36) ~[gradle-tooling-api-5.6.4.jar:5.6.4]
	at org.gradle.internal.dispatch.ReflectionDispatch.dispatch(ReflectionDispatch.java:24) ~[gradle-tooling-api-5.6.4.jar:5.6.4]
	at org.gradle.internal.dispatch.ContextClassLoaderDispatch.dispatch(ContextClassLoaderDispatch.java:33) ~[?:?]
	at org.gradle.internal.dispatch.ProxyDispatchAdapter$DispatchingInvocationHandler.invoke(ProxyDispatchAdapter.java:94) ~[gradle-tooling-api-5.6.4.jar:5.6.4]
	at com.sun.proxy.$Proxy2.processTestClass(Unknown Source) ~[?:?]
	at org.gradle.api.internal.tasks.testing.worker.TestWorker.processTestClass(TestWorker.java:118) ~[?:?]
	at sun.reflect.NativeMethodAccessorImpl.invoke0(Native Method) ~[?:1.8.0_232]
	at sun.reflect.NativeMethodAccessorImpl.invoke(NativeMethodAccessorImpl.java:62) ~[?:1.8.0_232]
	at sun.reflect.DelegatingMethodAccessorImpl.invoke(DelegatingMethodAccessorImpl.java:43) ~[?:1.8.0_232]
	at java.lang.reflect.Method.invoke(Method.java:498) ~[?:1.8.0_232]
	at org.gradle.internal.dispatch.ReflectionDispatch.dispatch(ReflectionDispatch.java:36) ~[gradle-tooling-api-5.6.4.jar:5.6.4]
	at org.gradle.internal.dispatch.ReflectionDispatch.dispatch(ReflectionDispatch.java:24) ~[gradle-tooling-api-5.6.4.jar:5.6.4]
	at org.gradle.internal.remote.internal.hub.MessageHubBackedObjectConnection$DispatchWrapper.dispatch(MessageHubBackedObjectConnection.java:182) ~[?:?]
	at org.gradle.internal.remote.internal.hub.MessageHubBackedObjectConnection$DispatchWrapper.dispatch(MessageHubBackedObjectConnection.java:164) ~[?:?]
	at org.gradle.internal.remote.internal.hub.MessageHub$Handler.run(MessageHub.java:412) ~[?:?]
	at org.gradle.internal.concurrent.ExecutorPolicy$CatchAndRecordFailures.onExecute(ExecutorPolicy.java:64) ~[gradle-tooling-api-5.6.4.jar:5.6.4]
	at org.gradle.internal.concurrent.ManagedExecutorImpl$1.run(ManagedExecutorImpl.java:48) ~[gradle-tooling-api-5.6.4.jar:5.6.4]
	at java.util.concurrent.ThreadPoolExecutor.runWorker(ThreadPoolExecutor.java:1149) ~[?:1.8.0_232]
	at java.util.concurrent.ThreadPoolExecutor$Worker.run(ThreadPoolExecutor.java:624) ~[?:1.8.0_232]
	at org.gradle.internal.concurrent.ThreadFactoryImpl$ManagedThreadRunnable.run(ThreadFactoryImpl.java:56) ~[gradle-tooling-api-5.6.4.jar:5.6.4]
	at java.lang.Thread.run(Thread.java:748) [?:1.8.0_232]
